<?xml version="1.0" encoding="UTF-8"?>
<!-- Generated by org.testng.reporters.JUnitReportReporter -->
<testsuite hostname="gogurram" name="com.vtiger.LeadsPackage.ProjectSpecificMethods" tests="1" failures="0" timestamp="13 Dec 2013 03:56:39 GMT" time="33.683" errors="0">
  <testcase name="vtiger_Login" time="33.683" classname="com.vtiger.LeadsPackage.ProjectSpecificMethods"/>
</testsuite> <!-- com.vtiger.LeadsPackage.ProjectSpecificMethods -->
