<?xml version="1.0" encoding="UTF-8"?>
<!-- Generated by org.testng.reporters.JUnitReportReporter -->
<testsuite hostname="gogurram" name="com.vtiger.LeadsPackage.vt_CreateLead" tests="1" failures="0" timestamp="18 Dec 2013 05:06:51 GMT" time="67.244" errors="0">
  <testcase name="testvt_CreateLead" time="67.244" classname="com.vtiger.LeadsPackage.vt_CreateLead"/>
</testsuite> <!-- com.vtiger.LeadsPackage.vt_CreateLead -->
