<?xml version="1.0" encoding="UTF-8"?>
<!-- Generated by org.testng.reporters.JUnitReportReporter -->
<testsuite hostname="gogurram" name="com.vtiger.LeadsPackage.vt_SearchLeadByAlpha" tests="1" failures="0" timestamp="20 Dec 2013 05:43:58 GMT" time="42.686" errors="0">
  <testcase name="testvt_SearchLeadByAlpha" time="42.686" classname="com.vtiger.LeadsPackage.vt_SearchLeadByAlpha"/>
</testsuite> <!-- com.vtiger.LeadsPackage.vt_SearchLeadByAlpha -->
