<?xml version="1.0" encoding="UTF-8"?>
<!-- Generated by org.testng.reporters.JUnitReportReporter -->
<testsuite hostname="gogurram" name="com.vtiger.LeadsPackage.vt_AddProductToLead" tests="1" failures="0" timestamp="19 Dec 2013 17:22:07 GMT" time="41.150" errors="0">
  <testcase name="testvt_AddProductToLead" time="41.150" classname="com.vtiger.LeadsPackage.vt_AddProductToLead"/>
</testsuite> <!-- com.vtiger.LeadsPackage.vt_AddProductToLead -->
